[ 2018-01-03T08:55:38+08:00 ] ::1 /echobug/index.php/Login/checkUserLogin.html
INFO: [ app_begin ] --START--
INFO: Run Behavior\ReadHtmlCacheBehavior [ RunTime:0.000508s ]
INFO: [ app_begin ] --END-- [ RunTime:0.000937s ]

[ 2018-01-03T08:55:50+08:00 ] ::1 /echobug/index.php/Login/checkUserLogin.html
INFO: [ app_begin ] --START--
INFO: Run Behavior\ReadHtmlCacheBehavior [ RunTime:0.001037s ]
INFO: [ app_begin ] --END-- [ RunTime:0.001481s ]

[ 2018-01-03T08:57:07+08:00 ] ::1 /echobug/index.php/Login/checkUserLogin.html
INFO: [ app_begin ] --START--
INFO: Run Behavior\ReadHtmlCacheBehavior [ RunTime:0.000494s ]
INFO: [ app_begin ] --END-- [ RunTime:0.000910s ]

[ 2018-01-03T08:57:19+08:00 ] ::1 /echobug/index.php/Login/checkUserLogin.html
INFO: [ app_begin ] --START--
INFO: Run Behavior\ReadHtmlCacheBehavior [ RunTime:0.000463s ]
INFO: [ app_begin ] --END-- [ RunTime:0.000878s ]

[ 2018-01-03T08:57:33+08:00 ] ::1 /echobug/index.php/Login/checkUserLogin.html
INFO: [ app_begin ] --START--
INFO: Run Behavior\ReadHtmlCacheBehavior [ RunTime:0.000461s ]
INFO: [ app_begin ] --END-- [ RunTime:0.001162s ]

[ 2018-01-03T08:57:58+08:00 ] ::1 /echobug/index.php/Login/checkUserLogin.html
INFO: [ app_begin ] --START--
INFO: Run Behavior\ReadHtmlCacheBehavior [ RunTime:0.000611s ]
INFO: [ app_begin ] --END-- [ RunTime:0.001034s ]

[ 2018-01-03T08:58:15+08:00 ] ::1 /echobug/index.php/Login/checkUserLogin.html
INFO: [ app_begin ] --START--
INFO: Run Behavior\ReadHtmlCacheBehavior [ RunTime:0.000443s ]
INFO: [ app_begin ] --END-- [ RunTime:0.000807s ]

[ 2018-01-03T08:58:32+08:00 ] ::1 /echobug/index.php/Login/checkUserLogin.html
INFO: [ app_begin ] --START--
INFO: Run Behavior\ReadHtmlCacheBehavior [ RunTime:0.000472s ]
INFO: [ app_begin ] --END-- [ RunTime:0.000919s ]

[ 2018-01-03T08:58:54+08:00 ] ::1 /echobug/index.php/Login/checkUserLogin.html
INFO: [ app_begin ] --START--
INFO: Run Behavior\ReadHtmlCacheBehavior [ RunTime:0.000430s ]
INFO: [ app_begin ] --END-- [ RunTime:0.000789s ]

[ 2018-01-03T08:59:30+08:00 ] ::1 /echobug/index.php/Login/checkUserLogin.html
INFO: [ app_begin ] --START--
INFO: Run Behavior\ReadHtmlCacheBehavior [ RunTime:0.000478s ]
INFO: [ app_begin ] --END-- [ RunTime:0.000846s ]

[ 2018-01-03T08:59:41+08:00 ] ::1 /echobug/index.php/Login/checkUserLogin.html
INFO: [ app_begin ] --START--
INFO: Run Behavior\ReadHtmlCacheBehavior [ RunTime:0.000460s ]
INFO: [ app_begin ] --END-- [ RunTime:0.000838s ]

[ 2018-01-03T09:01:20+08:00 ] ::1 /echobug/index.php/Login/checkUserLogin.html
INFO: [ app_begin ] --START--
INFO: Run Behavior\ReadHtmlCacheBehavior [ RunTime:0.000465s ]
INFO: [ app_begin ] --END-- [ RunTime:0.000843s ]

[ 2018-01-03T09:01:41+08:00 ] ::1 /echobug/index.php/Login/checkUserLogin.html
INFO: [ app_begin ] --START--
INFO: Run Behavior\ReadHtmlCacheBehavior [ RunTime:0.000442s ]
INFO: [ app_begin ] --END-- [ RunTime:0.000805s ]

[ 2018-01-03T09:01:55+08:00 ] ::1 /echobug/index.php/Login/checkUserLogin.html
INFO: [ app_begin ] --START--
INFO: Run Behavior\ReadHtmlCacheBehavior [ RunTime:0.000443s ]
INFO: [ app_begin ] --END-- [ RunTime:0.000794s ]

[ 2018-01-03T09:02:14+08:00 ] ::1 /echobug/index.php/Login/checkUserLogin.html
INFO: [ app_begin ] --START--
INFO: Run Behavior\ReadHtmlCacheBehavior [ RunTime:0.000552s ]
INFO: [ app_begin ] --END-- [ RunTime:0.001062s ]

[ 2018-01-03T09:03:52+08:00 ] ::1 /echobug/index.php/Login/checkUserLogin.html
INFO: [ app_begin ] --START--
INFO: Run Behavior\ReadHtmlCacheBehavior [ RunTime:0.000559s ]
INFO: [ app_begin ] --END-- [ RunTime:0.000938s ]

[ 2018-01-03T09:04:22+08:00 ] ::1 /echobug/index.php/Login/checkUserLogin.html
INFO: [ app_begin ] --START--
INFO: Run Behavior\ReadHtmlCacheBehavior [ RunTime:0.000609s ]
INFO: [ app_begin ] --END-- [ RunTime:0.001194s ]

[ 2018-01-03T09:04:25+08:00 ] ::1 /echobug/index.php/Login/checkUserLogin.html
INFO: [ app_begin ] --START--
INFO: Run Behavior\ReadHtmlCacheBehavior [ RunTime:0.000438s ]
INFO: [ app_begin ] --END-- [ RunTime:0.000856s ]

[ 2018-01-03T09:04:41+08:00 ] ::1 /echobug/index.php/Login/checkUserLogin.html
INFO: [ app_begin ] --START--
INFO: Run Behavior\ReadHtmlCacheBehavior [ RunTime:0.000496s ]
INFO: [ app_begin ] --END-- [ RunTime:0.000937s ]

[ 2018-01-03T09:04:50+08:00 ] ::1 /echobug/index.php/Login/checkUserLogin.html
INFO: [ app_begin ] --START--
INFO: Run Behavior\ReadHtmlCacheBehavior [ RunTime:0.000746s ]
INFO: [ app_begin ] --END-- [ RunTime:0.001191s ]

[ 2018-01-03T09:09:27+08:00 ] ::1 /echobug/index.php/Login/checkUserLogin.html
INFO: [ app_begin ] --START--
INFO: Run Behavior\ReadHtmlCacheBehavior [ RunTime:0.000472s ]
INFO: [ app_begin ] --END-- [ RunTime:0.000952s ]

[ 2018-01-03T09:09:51+08:00 ] ::1 /echobug/index.php/Login/checkUserLogin.html
INFO: [ app_begin ] --START--
INFO: Run Behavior\ReadHtmlCacheBehavior [ RunTime:0.000468s ]
INFO: [ app_begin ] --END-- [ RunTime:0.000929s ]
SQL: SHOW COLUMNS FROM `member_info` [ RunTime:0.0297s ]
SQL: SELECT * FROM `member_info` WHERE `login_name` = 'admin' LIMIT 1   [ RunTime:0.0298s ]
SQL: SHOW COLUMNS FROM `member_info` [ RunTime:0.0291s ]
SQL: UPDATE `member_info` SET `update_time`='1514941791',`this_login_time`='1514941791',`last_login_time`='1514883783' WHERE `id` = '1' [ RunTime:0.0289s ]

[ 2018-01-03T09:09:52+08:00 ] ::1 /echobug/index.php/Panel/indexReport.html
INFO: [ app_begin ] --START--
INFO: Run Behavior\ReadHtmlCacheBehavior [ RunTime:0.000686s ]
INFO: [ app_begin ] --END-- [ RunTime:0.001187s ]
SQL: SELECT COUNT(*) AS num FROM buglist bg
            LEFT JOIN project_list pl ON bg.project_id=pl.id
            LEFT JOIN project_module pm ON bg.modular_id=pm.id
            WHERE bg.status IN(0,2) AND pl.status != -1 AND pm.status != -1 AND bg.toer_id = '1' [ RunTime:0.0379s ]
SQL: SELECT COUNT(*) AS num FROM buglist bg
            LEFT JOIN project_list pl ON bg.project_id=pl.id
            LEFT JOIN project_module pm ON bg.modular_id=pm.id
            WHERE bg.status IN(0,2) AND pl.status != -1 AND pm.status != -1 AND bg.toer_id = '1' AND bg.create_time >= '1514908800' AND bg.create_time <= '1514995140' [ RunTime:0.0400s ]
SQL: SELECT COUNT(*) AS num FROM buglist bg
            LEFT JOIN project_list pl ON bg.project_id=pl.id
            LEFT JOIN project_module pm ON bg.modular_id=pm.id
            WHERE bg.status IN(1,-2) AND pl.status != -1 AND pm.status != -1 AND bg.toer_id = '1' AND bg.finall_time >= '1514822400' AND bg.finall_time <= '1514908740' [ RunTime:0.0430s ]
SQL: SELECT COUNT(*) AS num FROM buglist bg
            LEFT JOIN project_list pl ON bg.project_id=pl.id
            LEFT JOIN project_module pm ON bg.modular_id=pm.id
            WHERE bg.status IN(1,-2) AND pl.status != -1 AND pm.status != -1 AND bg.toer_id = '1' AND bg.finall_time >= '1514908800' AND bg.finall_time <= '1514995140' [ RunTime:0.0423s ]
SQL: SELECT COUNT(*) AS num FROM buglist bg
            LEFT JOIN project_list pl ON bg.project_id=pl.id
            LEFT JOIN project_module pm ON bg.modular_id=pm.id
            WHERE bg.status != -1 AND pl.status != -1 AND pm.status != -1 AND bg.fromer_id = '1' AND bg.create_time >= '1514822400' AND bg.create_time <= '1514908740' [ RunTime:0.0426s ]
SQL: SELECT COUNT(bg.id) num,FROM_UNIXTIME(bg.create_time, '%Y%m%d') date FROM buglist bg
            LEFT JOIN project_list pl ON bg.project_id=pl.id
            LEFT JOIN project_module pm ON bg.modular_id=pm.id
            WHERE bg.status != -1 AND pl.status != -1 AND pm.status != -1 AND bg.toer_id = '1' AND bg.create_time >= '1514304000' AND bg.create_time <= '1514908740' 
            GROUP BY FROM_UNIXTIME(bg.create_time, '%Y%m%d') [ RunTime:0.0435s ]
SQL: SELECT COUNT(bg.id) num,FROM_UNIXTIME(bg.finall_time, '%Y%m%d') date FROM buglist bg
            LEFT JOIN project_list pl ON bg.project_id=pl.id
            LEFT JOIN project_module pm ON bg.modular_id=pm.id
            WHERE bg.status IN(1,-2) AND pl.status != -1 AND pm.status != -1 AND bg.toer_id = '1' AND bg.finall_time >= '1514304000' AND bg.finall_time <= '1514908740' 
            GROUP BY FROM_UNIXTIME(bg.finall_time, '%Y%m%d') [ RunTime:0.0423s ]
SQL: SELECT COUNT(bg.id) num,FROM_UNIXTIME(bg.create_time, '%Y%m%d') date FROM buglist bg
            LEFT JOIN project_list pl ON bg.project_id=pl.id
            LEFT JOIN project_module pm ON bg.modular_id=pm.id
            WHERE bg.status != -1 AND pl.status != -1 AND pm.status != -1 AND bg.fromer_id = '1' AND bg.create_time >= '1514304000' AND bg.create_time <= '1514908740'
            GROUP BY FROM_UNIXTIME(bg.create_time, '%Y%m%d') [ RunTime:0.0435s ]
NOTIC: [8] Undefined variable: newList D:\phpStudy\WWW\echobug\Application\Home\Controller\PanelController.class.php 第 58 行.
NOTIC: [8] Undefined variable: newList D:\phpStudy\WWW\echobug\Application\Home\Controller\PanelController.class.php 第 59 行.
NOTIC: [8] Undefined variable: newList D:\phpStudy\WWW\echobug\Application\Home\Controller\PanelController.class.php 第 60 行.
NOTIC: [8] Undefined variable: newList D:\phpStudy\WWW\echobug\Application\Home\Controller\PanelController.class.php 第 58 行.
NOTIC: [8] Undefined variable: newList D:\phpStudy\WWW\echobug\Application\Home\Controller\PanelController.class.php 第 59 行.
NOTIC: [8] Undefined variable: newList D:\phpStudy\WWW\echobug\Application\Home\Controller\PanelController.class.php 第 60 行.
NOTIC: [8] Undefined variable: newList D:\phpStudy\WWW\echobug\Application\Home\Controller\PanelController.class.php 第 58 行.
NOTIC: [8] Undefined variable: newList D:\phpStudy\WWW\echobug\Application\Home\Controller\PanelController.class.php 第 59 行.
NOTIC: [8] Undefined variable: newList D:\phpStudy\WWW\echobug\Application\Home\Controller\PanelController.class.php 第 60 行.
NOTIC: [8] Undefined variable: newList D:\phpStudy\WWW\echobug\Application\Home\Controller\PanelController.class.php 第 58 行.
NOTIC: [8] Undefined variable: newList D:\phpStudy\WWW\echobug\Application\Home\Controller\PanelController.class.php 第 59 行.
NOTIC: [8] Undefined variable: newList D:\phpStudy\WWW\echobug\Application\Home\Controller\PanelController.class.php 第 60 行.
NOTIC: [8] Undefined variable: newList D:\phpStudy\WWW\echobug\Application\Home\Controller\PanelController.class.php 第 58 行.
NOTIC: [8] Undefined variable: newList D:\phpStudy\WWW\echobug\Application\Home\Controller\PanelController.class.php 第 59 行.
NOTIC: [8] Undefined variable: newList D:\phpStudy\WWW\echobug\Application\Home\Controller\PanelController.class.php 第 60 行.
NOTIC: [8] Undefined variable: newList D:\phpStudy\WWW\echobug\Application\Home\Controller\PanelController.class.php 第 58 行.
NOTIC: [8] Undefined variable: newList D:\phpStudy\WWW\echobug\Application\Home\Controller\PanelController.class.php 第 59 行.
NOTIC: [8] Undefined variable: newList D:\phpStudy\WWW\echobug\Application\Home\Controller\PanelController.class.php 第 60 行.
NOTIC: [8] Undefined variable: newList D:\phpStudy\WWW\echobug\Application\Home\Controller\PanelController.class.php 第 58 行.
NOTIC: [8] Undefined variable: newList D:\phpStudy\WWW\echobug\Application\Home\Controller\PanelController.class.php 第 59 行.
NOTIC: [8] Undefined variable: newList D:\phpStudy\WWW\echobug\Application\Home\Controller\PanelController.class.php 第 60 行.

[ 2018-01-03T09:10:02+08:00 ] ::1 /echobug/index.php/Login/checkUserLogin.html
INFO: [ app_begin ] --START--
INFO: Run Behavior\ReadHtmlCacheBehavior [ RunTime:0.000597s ]
INFO: [ app_begin ] --END-- [ RunTime:0.001044s ]
SQL: SHOW COLUMNS FROM `member_info` [ RunTime:0.0292s ]
SQL: SELECT * FROM `member_info` WHERE `login_name` = 'admin' LIMIT 1   [ RunTime:0.0296s ]

[ 2018-01-03T09:10:07+08:00 ] ::1 /echobug/index.php/Login/checkUserLogin.html
INFO: [ app_begin ] --START--
INFO: Run Behavior\ReadHtmlCacheBehavior [ RunTime:0.000423s ]
INFO: [ app_begin ] --END-- [ RunTime:0.000771s ]

[ 2018-01-03T09:10:14+08:00 ] ::1 /echobug/index.php/Login/checkUserLogin.html
INFO: [ app_begin ] --START--
INFO: Run Behavior\ReadHtmlCacheBehavior [ RunTime:0.000448s ]
INFO: [ app_begin ] --END-- [ RunTime:0.000888s ]
SQL: SHOW COLUMNS FROM `member_info` [ RunTime:0.0313s ]
SQL: SELECT * FROM `member_info` WHERE `login_name` = 'admin' LIMIT 1   [ RunTime:0.0315s ]
SQL: SHOW COLUMNS FROM `member_info` [ RunTime:0.0318s ]
SQL: UPDATE `member_info` SET `update_time`='1514941814',`this_login_time`='1514941814',`last_login_time`='1514941791' WHERE `id` = '1' [ RunTime:0.0307s ]

[ 2018-01-03T09:10:15+08:00 ] ::1 /echobug/index.php/Panel/indexReport.html
INFO: [ app_begin ] --START--
INFO: Run Behavior\ReadHtmlCacheBehavior [ RunTime:0.000441s ]
INFO: [ app_begin ] --END-- [ RunTime:0.000814s ]
SQL: SELECT COUNT(*) AS num FROM buglist bg
            LEFT JOIN project_list pl ON bg.project_id=pl.id
            LEFT JOIN project_module pm ON bg.modular_id=pm.id
            WHERE bg.status IN(0,2) AND pl.status != -1 AND pm.status != -1 AND bg.toer_id = '1' [ RunTime:0.0507s ]
SQL: SELECT COUNT(*) AS num FROM buglist bg
            LEFT JOIN project_list pl ON bg.project_id=pl.id
            LEFT JOIN project_module pm ON bg.modular_id=pm.id
            WHERE bg.status IN(0,2) AND pl.status != -1 AND pm.status != -1 AND bg.toer_id = '1' AND bg.create_time >= '1514908800' AND bg.create_time <= '1514995140' [ RunTime:0.0509s ]
SQL: SELECT COUNT(*) AS num FROM buglist bg
            LEFT JOIN project_list pl ON bg.project_id=pl.id
            LEFT JOIN project_module pm ON bg.modular_id=pm.id
            WHERE bg.status IN(1,-2) AND pl.status != -1 AND pm.status != -1 AND bg.toer_id = '1' AND bg.finall_time >= '1514822400' AND bg.finall_time <= '1514908740' [ RunTime:0.0423s ]
SQL: SELECT COUNT(*) AS num FROM buglist bg
            LEFT JOIN project_list pl ON bg.project_id=pl.id
            LEFT JOIN project_module pm ON bg.modular_id=pm.id
            WHERE bg.status IN(1,-2) AND pl.status != -1 AND pm.status != -1 AND bg.toer_id = '1' AND bg.finall_time >= '1514908800' AND bg.finall_time <= '1514995140' [ RunTime:0.0437s ]
SQL: SELECT COUNT(*) AS num FROM buglist bg
            LEFT JOIN project_list pl ON bg.project_id=pl.id
            LEFT JOIN project_module pm ON bg.modular_id=pm.id
            WHERE bg.status != -1 AND pl.status != -1 AND pm.status != -1 AND bg.fromer_id = '1' AND bg.create_time >= '1514822400' AND bg.create_time <= '1514908740' [ RunTime:0.0415s ]
SQL: SELECT COUNT(bg.id) num,FROM_UNIXTIME(bg.create_time, '%Y%m%d') date FROM buglist bg
            LEFT JOIN project_list pl ON bg.project_id=pl.id
            LEFT JOIN project_module pm ON bg.modular_id=pm.id
            WHERE bg.status != -1 AND pl.status != -1 AND pm.status != -1 AND bg.toer_id = '1' AND bg.create_time >= '1514304000' AND bg.create_time <= '1514908740' 
            GROUP BY FROM_UNIXTIME(bg.create_time, '%Y%m%d') [ RunTime:0.0428s ]
SQL: SELECT COUNT(bg.id) num,FROM_UNIXTIME(bg.finall_time, '%Y%m%d') date FROM buglist bg
            LEFT JOIN project_list pl ON bg.project_id=pl.id
            LEFT JOIN project_module pm ON bg.modular_id=pm.id
            WHERE bg.status IN(1,-2) AND pl.status != -1 AND pm.status != -1 AND bg.toer_id = '1' AND bg.finall_time >= '1514304000' AND bg.finall_time <= '1514908740' 
            GROUP BY FROM_UNIXTIME(bg.finall_time, '%Y%m%d') [ RunTime:0.0433s ]
SQL: SELECT COUNT(bg.id) num,FROM_UNIXTIME(bg.create_time, '%Y%m%d') date FROM buglist bg
            LEFT JOIN project_list pl ON bg.project_id=pl.id
            LEFT JOIN project_module pm ON bg.modular_id=pm.id
            WHERE bg.status != -1 AND pl.status != -1 AND pm.status != -1 AND bg.fromer_id = '1' AND bg.create_time >= '1514304000' AND bg.create_time <= '1514908740'
            GROUP BY FROM_UNIXTIME(bg.create_time, '%Y%m%d') [ RunTime:0.0417s ]
NOTIC: [8] Undefined variable: newList D:\phpStudy\WWW\echobug\Application\Home\Controller\PanelController.class.php 第 58 行.
NOTIC: [8] Undefined variable: newList D:\phpStudy\WWW\echobug\Application\Home\Controller\PanelController.class.php 第 59 行.
NOTIC: [8] Undefined variable: newList D:\phpStudy\WWW\echobug\Application\Home\Controller\PanelController.class.php 第 60 行.
NOTIC: [8] Undefined variable: newList D:\phpStudy\WWW\echobug\Application\Home\Controller\PanelController.class.php 第 58 行.
NOTIC: [8] Undefined variable: newList D:\phpStudy\WWW\echobug\Application\Home\Controller\PanelController.class.php 第 59 行.
NOTIC: [8] Undefined variable: newList D:\phpStudy\WWW\echobug\Application\Home\Controller\PanelController.class.php 第 60 行.
NOTIC: [8] Undefined variable: newList D:\phpStudy\WWW\echobug\Application\Home\Controller\PanelController.class.php 第 58 行.
NOTIC: [8] Undefined variable: newList D:\phpStudy\WWW\echobug\Application\Home\Controller\PanelController.class.php 第 59 行.
NOTIC: [8] Undefined variable: newList D:\phpStudy\WWW\echobug\Application\Home\Controller\PanelController.class.php 第 60 行.
NOTIC: [8] Undefined variable: newList D:\phpStudy\WWW\echobug\Application\Home\Controller\PanelController.class.php 第 58 行.
NOTIC: [8] Undefined variable: newList D:\phpStudy\WWW\echobug\Application\Home\Controller\PanelController.class.php 第 59 行.
NOTIC: [8] Undefined variable: newList D:\phpStudy\WWW\echobug\Application\Home\Controller\PanelController.class.php 第 60 行.
NOTIC: [8] Undefined variable: newList D:\phpStudy\WWW\echobug\Application\Home\Controller\PanelController.class.php 第 58 行.
NOTIC: [8] Undefined variable: newList D:\phpStudy\WWW\echobug\Application\Home\Controller\PanelController.class.php 第 59 行.
NOTIC: [8] Undefined variable: newList D:\phpStudy\WWW\echobug\Application\Home\Controller\PanelController.class.php 第 60 行.
NOTIC: [8] Undefined variable: newList D:\phpStudy\WWW\echobug\Application\Home\Controller\PanelController.class.php 第 58 行.
NOTIC: [8] Undefined variable: newList D:\phpStudy\WWW\echobug\Application\Home\Controller\PanelController.class.php 第 59 行.
NOTIC: [8] Undefined variable: newList D:\phpStudy\WWW\echobug\Application\Home\Controller\PanelController.class.php 第 60 行.
NOTIC: [8] Undefined variable: newList D:\phpStudy\WWW\echobug\Application\Home\Controller\PanelController.class.php 第 58 行.
NOTIC: [8] Undefined variable: newList D:\phpStudy\WWW\echobug\Application\Home\Controller\PanelController.class.php 第 59 行.
NOTIC: [8] Undefined variable: newList D:\phpStudy\WWW\echobug\Application\Home\Controller\PanelController.class.php 第 60 行.

